<?xml version="1.0" encoding="UTF-8"?>
<!-- Generated by org.testng.reporters.JUnitXMLReporter -->
<testsuite ignored="0" hostname="Admins-MacBook-Pro.local" failures="1" tests="12" name="User" time="29.425" errors="0" timestamp="2022-05-31T17:09:40 EAT">
  <testcase classname="Pets" name="addPet" time="2.487"/>
  <testcase classname="Pets" name="deletePet" time="1.459"/>
  <testcase classname="Pets" name="getPetByStatus" time="1.402"/>
  <testcase classname="Store" name="deleteOrder" time="1.544"/>
  <testcase classname="Store" name="findOrder" time="1.536"/>
  <testcase classname="Store" name="getStoreInventory" time="1.438"/>
  <testcase classname="Store" name="placeOrder" time="1.554"/>
  <testcase classname="User" name="createUser" time="1.372">
    <failure type="java.lang.AssertionError" message="expected [200] but found [500]">
      <![CDATA[java.lang.AssertionError: expected [200] but found [500]
at User.createUser(User.java:39)
at java.base/java.util.ArrayList.forEach(ArrayList.java:1511)
... Removed 37 stack frames]]>
    </failure>
  </testcase> <!-- createUser -->
  <testcase classname="User" name="deleteUser" time="1.527"/>
  <testcase classname="User" name="getUser" time="1.373"/>
  <testcase classname="User" name="userLogin" time="3.398"/>
  <testcase classname="User" name="userLogout" time="1.496"/>
</testsuite> <!-- User -->
