<?xml version="1.0" encoding="UTF-8"?>
<!-- Generated by org.testng.reporters.JUnitXMLReporter -->
<testsuite ignored="0" hostname="Admins-MacBook-Pro.local" failures="0" tests="12" name="User" time="32.912" errors="0" timestamp="2022-05-31T14:01:41 EAT">
  <testcase classname="Pets" name="addPet" time="2.312"/>
  <testcase classname="Pets" name="deletePet" time="1.554"/>
  <testcase classname="Pets" name="getPetByStatus" time="1.399"/>
  <testcase classname="Store" name="deleteOrder" time="1.444"/>
  <testcase classname="Store" name="findOrder" time="1.537"/>
  <testcase classname="Store" name="getStoreInventory" time="1.479"/>
  <testcase classname="Store" name="placeOrder" time="1.335"/>
  <testcase classname="User" name="createUser" time="1.366"/>
  <testcase classname="User" name="deleteUser" time="3.485"/>
  <testcase classname="User" name="getUser" time="3.072"/>
  <testcase classname="User" name="userLogin" time="2.873"/>
  <testcase classname="User" name="userLogout" time="1.581"/>
</testsuite> <!-- User -->
