-------------------------------------------------------------------------------
Test set: TestSuite
-------------------------------------------------------------------------------
Tests run: 12, Failures: 1, Errors: 0, Skipped: 0, Time elapsed: 29.998 s <<< FAILURE! - in TestSuite
User.createUser  Time elapsed: 1.377 s  <<< FAILURE!
java.lang.AssertionError: expected [200] but found [500]
	at User.createUser(User.java:39)

