<?xml version="1.0" encoding="UTF-8"?>
<testsuite xmlns:xsi="http://www.w3.org/2001/XMLSchema-instance" xsi:noNamespaceSchemaLocation="https://maven.apache.org/surefire/maven-surefire-plugin/xsd/surefire-test-report-3.0.xsd" version="3.0" name="TestSuite" time="75.889" tests="12" errors="0" skipped="0" failures="2">
  <properties>
[...]
</properties>
  <testcase name="addPet" classname="Pets" time="2.611"/>
  <testcase name="deletePet" classname="Pets" time="1.613"/>
  <testcase name="getPetByStatus" classname="Pets" time="1.463"/>
  <testcase name="deleteOrder" classname="Store" time="1.581"/>
  <testcase name="findOrder" classname="Store" time="2.68">
    <failure message="1 expectation failed.&#10;Expected status code &lt;200&gt; but was &lt;404&gt;.&#10;" type="java.lang.AssertionError"><![CDATA[java.lang.AssertionError: 
1 expectation failed.
Expected status code <200> but was <404>.

	at Store.findOrder(Store.java:39)
]]></failure>
  </testcase>
  <testcase name="getStoreInventory" classname="Store" time="2.09"/>
  <testcase name="placeOrder" classname="Store" time="6.506">
    <failure message="1 expectation failed.&#10;Expected status code &lt;200&gt; but was &lt;400&gt;.&#10;" type="java.lang.AssertionError"><![CDATA[java.lang.AssertionError: 
1 expectation failed.
Expected status code <200> but was <400>.

	at Store.placeOrder(Store.java:35)
]]></failure>
  </testcase>
  <testcase name="createUser" classname="User" time="3.225"/>
  <testcase name="deleteUser" classname="User" time="3.617"/>
  <testcase name="getUser" classname="User" time="3.814"/>
  <testcase name="userLogin" classname="User" time="12.198"/>
  <testcase name="userLogout" classname="User" time="33.244"/>
</testsuite>